<?xml version="1.0" encoding="UTF-8"?>
<!-- Generated by org.testng.reporters.JUnitReportReporter -->
<testsuite hostname="DESKTOP-LDTSUOS" failures="0" tests="3" name="com.apiTest.UserApiTest" time="2.536" errors="0" timestamp="2024-12-31T23:11:45 IST" skipped="0">
  <testcase classname="com.apiTest.UserApiTest" name="TC_GetUser" time="0.100"/>
  <system-out/>
  <testcase classname="com.apiTest.UserApiTest" name="TC_CreateUser" time="2.046"/>
  <system-out/>
  <testcase classname="com.apiTest.UserApiTest" name="TC_UpdateUser" time="0.390"/>
  <system-out/>
</testsuite> <!-- com.apiTest.UserApiTest -->
