<?xml version="1.0" encoding="UTF-8"?>
<!-- Generated by org.testng.reporters.JUnitReportReporter -->
<testsuite hostname="DESKTOP-LDTSUOS" failures="0" tests="3" name="com.apiTest.UserApiTest" time="0.791" errors="0" timestamp="2024-12-31T23:09:07 IST" skipped="0">
  <testcase classname="com.apiTest.UserApiTest" name="TC_UpdateUser" time="0.334"/>
  <testcase classname="com.apiTest.UserApiTest" name="TC_CreateUser" time="0.337"/>
  <testcase classname="com.apiTest.UserApiTest" name="TC_GetUser" time="0.120"/>
</testsuite> <!-- com.apiTest.UserApiTest -->
