<?xml version="1.0" encoding="UTF-8"?>
<!-- Generated by org.testng.reporters.JUnitReportReporter -->
<testsuite hostname="DESKTOP-LDTSUOS" failures="0" tests="1" name="com.apiTest.LoginApiTest" time="2.334" errors="0" timestamp="2024-12-31T23:09:07 IST" skipped="0">
  <testcase classname="com.apiTest.LoginApiTest" name="Login" time="2.334"/>
</testsuite> <!-- com.apiTest.LoginApiTest -->
